
> Task :dependencies

------------------------------------------------------------
Root project 'sincrionario'
------------------------------------------------------------

runtimeClasspath - Runtime classpath of null/main.
+--- org.jetbrains.kotlin:kotlin-stdlib:1.9.25
|    \--- org.jetbrains:annotations:13.0
+--- org.springframework.boot:spring-boot-starter-data-jpa -> 3.3.5
|    +--- org.springframework.boot:spring-boot-starter-aop:3.3.5
|    |    +--- org.springframework.boot:spring-boot-starter:3.3.5
|    |    |    +--- org.springframework.boot:spring-boot:3.3.5
|    |    |    |    +--- org.springframework:spring-core:6.1.14
|    |    |    |    |    \--- org.springframework:spring-jcl:6.1.14
|    |    |    |    \--- org.springframework:spring-context:6.1.14
|    |    |    |         +--- org.springframework:spring-aop:6.1.14
|    |    |    |         |    +--- org.springframework:spring-beans:6.1.14
|    |    |    |         |    |    \--- org.springframework:spring-core:6.1.14 (*)
|    |    |    |         |    \--- org.springframework:spring-core:6.1.14 (*)
|    |    |    |         +--- org.springframework:spring-beans:6.1.14 (*)
|    |    |    |         +--- org.springframework:spring-core:6.1.14 (*)
|    |    |    |         +--- org.springframework:spring-expression:6.1.14
|    |    |    |         |    \--- org.springframework:spring-core:6.1.14 (*)
|    |    |    |         \--- io.micrometer:micrometer-observation:1.12.11 -> 1.13.6
|    |    |    |              \--- io.micrometer:micrometer-commons:1.13.6
|    |    |    +--- org.springframework.boot:spring-boot-autoconfigure:3.3.5
|    |    |    |    \--- org.springframework.boot:spring-boot:3.3.5 (*)
|    |    |    +--- org.springframework.boot:spring-boot-starter-logging:3.3.5
|    |    |    |    +--- ch.qos.logback:logback-classic:1.5.11
|    |    |    |    |    +--- ch.qos.logback:logback-core:1.5.11
|    |    |    |    |    \--- org.slf4j:slf4j-api:2.0.15 -> 2.0.16
|    |    |    |    +--- org.apache.logging.log4j:log4j-to-slf4j:2.23.1
|    |    |    |    |    +--- org.apache.logging.log4j:log4j-api:2.23.1
|    |    |    |    |    \--- org.slf4j:slf4j-api:2.0.9 -> 2.0.16
|    |    |    |    \--- org.slf4j:jul-to-slf4j:2.0.16
|    |    |    |         \--- org.slf4j:slf4j-api:2.0.16
|    |    |    +--- jakarta.annotation:jakarta.annotation-api:2.1.1
|    |    |    +--- org.springframework:spring-core:6.1.14 (*)
|    |    |    \--- org.yaml:snakeyaml:2.2
|    |    +--- org.springframework:spring-aop:6.1.14 (*)
|    |    \--- org.aspectj:aspectjweaver:1.9.22.1
|    +--- org.springframework.boot:spring-boot-starter-jdbc:3.3.5
|    |    +--- org.springframework.boot:spring-boot-starter:3.3.5 (*)
|    |    +--- com.zaxxer:HikariCP:5.1.0
|    |    |    \--- org.slf4j:slf4j-api:1.7.36 -> 2.0.16
|    |    \--- org.springframework:spring-jdbc:6.1.14
|    |         +--- org.springframework:spring-beans:6.1.14 (*)
|    |         +--- org.springframework:spring-core:6.1.14 (*)
|    |         \--- org.springframework:spring-tx:6.1.14
|    |              +--- org.springframework:spring-beans:6.1.14 (*)
|    |              \--- org.springframework:spring-core:6.1.14 (*)
|    +--- org.hibernate.orm:hibernate-core:6.5.3.Final
|    |    +--- jakarta.persistence:jakarta.persistence-api:3.1.0
|    |    +--- jakarta.transaction:jakarta.transaction-api:2.0.1
|    |    +--- org.jboss.logging:jboss-logging:3.5.0.Final -> 3.5.3.Final
|    |    +--- org.hibernate.common:hibernate-commons-annotations:6.0.6.Final
|    |    +--- io.smallrye:jandex:3.1.2
|    |    +--- com.fasterxml:classmate:1.5.1 -> 1.7.0
|    |    +--- net.bytebuddy:byte-buddy:1.14.15 -> 1.14.19
|    |    +--- jakarta.xml.bind:jakarta.xml.bind-api:4.0.0 -> 4.0.2
|    |    |    \--- jakarta.activation:jakarta.activation-api:2.1.3
|    |    +--- org.glassfish.jaxb:jaxb-runtime:4.0.2 -> 4.0.5
|    |    |    \--- org.glassfish.jaxb:jaxb-core:4.0.5
|    |    |         +--- jakarta.xml.bind:jakarta.xml.bind-api:4.0.2 (*)
|    |    |         +--- jakarta.activation:jakarta.activation-api:2.1.3
|    |    |         +--- org.eclipse.angus:angus-activation:2.0.2
|    |    |         |    \--- jakarta.activation:jakarta.activation-api:2.1.3
|    |    |         +--- org.glassfish.jaxb:txw2:4.0.5
|    |    |         \--- com.sun.istack:istack-commons-runtime:4.1.2
|    |    +--- jakarta.inject:jakarta.inject-api:2.0.1
|    |    \--- org.antlr:antlr4-runtime:4.13.0
|    +--- org.springframework.data:spring-data-jpa:3.3.5
|    |    +--- org.springframework.data:spring-data-commons:3.3.5
|    |    |    +--- org.springframework:spring-core:6.1.14 (*)
|    |    |    +--- org.springframework:spring-beans:6.1.14 (*)
|    |    |    \--- org.slf4j:slf4j-api:2.0.2 -> 2.0.16
|    |    +--- org.springframework:spring-orm:6.1.14
|    |    |    +--- org.springframework:spring-beans:6.1.14 (*)
|    |    |    +--- org.springframework:spring-core:6.1.14 (*)
|    |    |    +--- org.springframework:spring-jdbc:6.1.14 (*)
|    |    |    \--- org.springframework:spring-tx:6.1.14 (*)
|    |    +--- org.springframework:spring-context:6.1.14 (*)
|    |    +--- org.springframework:spring-aop:6.1.14 (*)
|    |    +--- org.springframework:spring-tx:6.1.14 (*)
|    |    +--- org.springframework:spring-beans:6.1.14 (*)
|    |    +--- org.springframework:spring-core:6.1.14 (*)
|    |    +--- org.antlr:antlr4-runtime:4.13.0
|    |    +--- jakarta.annotation:jakarta.annotation-api:2.0.0 -> 2.1.1
|    |    \--- org.slf4j:slf4j-api:2.0.2 -> 2.0.16
|    \--- org.springframework:spring-aspects:6.1.14
|         \--- org.aspectj:aspectjweaver:1.9.22.1
+--- org.springframework.boot:spring-boot-starter-web -> 3.3.5
|    +--- org.springframework.boot:spring-boot-starter:3.3.5 (*)
|    +--- org.springframework.boot:spring-boot-starter-json:3.3.5
|    |    +--- org.springframework.boot:spring-boot-starter:3.3.5 (*)
|    |    +--- org.springframework:spring-web:6.1.14
|    |    |    +--- org.springframework:spring-beans:6.1.14 (*)
|    |    |    +--- org.springframework:spring-core:6.1.14 (*)
|    |    |    \--- io.micrometer:micrometer-observation:1.12.11 -> 1.13.6 (*)
|    |    +--- com.fasterxml.jackson.core:jackson-databind:2.17.2
|    |    |    +--- com.fasterxml.jackson.core:jackson-annotations:2.17.2
|    |    |    |    \--- com.fasterxml.jackson:jackson-bom:2.17.2
|    |    |    |         +--- com.fasterxml.jackson.core:jackson-annotations:2.17.2 (c)
|    |    |    |         +--- com.fasterxml.jackson.core:jackson-databind:2.17.2 (c)
|    |    |    |         +--- com.fasterxml.jackson.dataformat:jackson-dataformat-toml:2.17.2 (c)
|    |    |    |         +--- com.fasterxml.jackson.datatype:jackson-datatype-jdk8:2.17.2 (c)
|    |    |    |         +--- com.fasterxml.jackson.datatype:jackson-datatype-jsr310:2.17.2 (c)
|    |    |    |         +--- com.fasterxml.jackson.module:jackson-module-kotlin:2.17.2 (c)
|    |    |    |         +--- com.fasterxml.jackson.module:jackson-module-parameter-names:2.17.2 (c)
|    |    |    |         \--- com.fasterxml.jackson.core:jackson-core:2.17.2 (c)
|    |    |    +--- com.fasterxml.jackson.core:jackson-core:2.17.2
|    |    |    |    \--- com.fasterxml.jackson:jackson-bom:2.17.2 (*)
|    |    |    \--- com.fasterxml.jackson:jackson-bom:2.17.2 (*)
|    |    +--- com.fasterxml.jackson.datatype:jackson-datatype-jdk8:2.17.2
|    |    |    +--- com.fasterxml.jackson.core:jackson-core:2.17.2 (*)
|    |    |    +--- com.fasterxml.jackson.core:jackson-databind:2.17.2 (*)
|    |    |    \--- com.fasterxml.jackson:jackson-bom:2.17.2 (*)
|    |    +--- com.fasterxml.jackson.datatype:jackson-datatype-jsr310:2.17.2
|    |    |    +--- com.fasterxml.jackson.core:jackson-annotations:2.17.2 (*)
|    |    |    +--- com.fasterxml.jackson.core:jackson-core:2.17.2 (*)
|    |    |    +--- com.fasterxml.jackson.core:jackson-databind:2.17.2 (*)
|    |    |    \--- com.fasterxml.jackson:jackson-bom:2.17.2 (*)
|    |    \--- com.fasterxml.jackson.module:jackson-module-parameter-names:2.17.2
|    |         +--- com.fasterxml.jackson.core:jackson-core:2.17.2 (*)
|    |         +--- com.fasterxml.jackson.core:jackson-databind:2.17.2 (*)
|    |         \--- com.fasterxml.jackson:jackson-bom:2.17.2 (*)
|    +--- org.springframework.boot:spring-boot-starter-tomcat:3.3.5
|    |    +--- jakarta.annotation:jakarta.annotation-api:2.1.1
|    |    +--- org.apache.tomcat.embed:tomcat-embed-core:10.1.31
|    |    +--- org.apache.tomcat.embed:tomcat-embed-el:10.1.31
|    |    \--- org.apache.tomcat.embed:tomcat-embed-websocket:10.1.31
|    |         \--- org.apache.tomcat.embed:tomcat-embed-core:10.1.31
|    +--- org.springframework:spring-web:6.1.14 (*)
|    \--- org.springframework:spring-webmvc:6.1.14
|         +--- org.springframework:spring-aop:6.1.14 (*)
|         +--- org.springframework:spring-beans:6.1.14 (*)
|         +--- org.springframework:spring-context:6.1.14 (*)
|         +--- org.springframework:spring-core:6.1.14 (*)
|         +--- org.springframework:spring-expression:6.1.14 (*)
|         \--- org.springframework:spring-web:6.1.14 (*)
+--- com.fasterxml.jackson.module:jackson-module-kotlin -> 2.17.2
|    +--- com.fasterxml.jackson.core:jackson-databind:2.17.2 (*)
|    +--- com.fasterxml.jackson.core:jackson-annotations:2.17.2 (*)
|    +--- org.jetbrains.kotlin:kotlin-reflect:1.7.22 -> 1.9.25
|    |    \--- org.jetbrains.kotlin:kotlin-stdlib:1.9.25 (*)
|    \--- com.fasterxml.jackson:jackson-bom:2.17.2 (*)
+--- org.flywaydb:flyway-core -> 10.10.0
|    +--- com.fasterxml.jackson.dataformat:jackson-dataformat-toml:2.15.2 -> 2.17.2
|    |    +--- com.fasterxml.jackson.core:jackson-databind:2.17.2 (*)
|    |    +--- com.fasterxml.jackson.core:jackson-core:2.17.2 (*)
|    |    \--- com.fasterxml.jackson:jackson-bom:2.17.2 (*)
|    \--- com.google.code.gson:gson:2.10.1
+--- org.flywaydb:flyway-database-postgresql -> 10.10.0
|    \--- org.flywaydb:flyway-core:10.10.0 (*)
+--- org.jetbrains.kotlin:kotlin-reflect:1.9.25 (*)
\--- org.postgresql:postgresql -> 42.7.4
     \--- org.checkerframework:checker-qual:3.42.0

(c) - A dependency constraint, not a dependency. The dependency affected by the constraint occurs elsewhere in the tree.
(*) - Indicates repeated occurrences of a transitive dependency subtree. Gradle expands transitive dependency subtrees only once per project; repeat occurrences only display the root of the subtree, followed by this annotation.

A web-based, searchable dependency report is available by adding the --scan option.

BUILD SUCCESSFUL in 849ms
1 actionable task: 1 executed
